[0m[[0m[0mdebug[0m] [0m[0m> Exec(testOnly fp1tests, Some(236cb8bb-ce9b-4764-aa85-e299465c0366), Some(CommandSource(console0)))[0m
[0m[[0m[0mdebug[0m] [0m[0mEvaluating tasks: Test / testOnly[0m
[0m[[0m[0mdebug[0m] [0m[0mRunning task... Cancel: Signal, check cycles: false, forcegc: true[0m
[0m[[0m[0minfo[0m] [0m[0m[32mfp1tests:[0m[0m
[0m[[0m[0minfo[0m] [0m[0m[32m- EX01 - factTest[0m[0m
[0m[[0m[0minfo[0m] [0m[0m[32m- EX02 - fib[0m[0m
[0m[[0m[0minfo[0m] [0m[0m[32m- EX03 - p1[0m[0m
[0m[[0m[0minfo[0m] [0m[0m[32m- EX04 - t1[0m[0m
[0m[[0m[0minfo[0m] [0m[0m[32m- EX05 - swap[0m[0m
[0m[[0m[0minfo[0m] [0m[0m[32m- EX06 - sum[0m[0m
[0m[[0m[0minfo[0m] [0m[0m[32m- EX07 - sumTail[0m[0m
[0m[[0m[0minfo[0m] [0m[0m[32m- EX08 - max[0m[0m
[0m[[0m[0minfo[0m] [0m[0m[32m- EX09 - maxTailAux[0m[0m
[0m[[0m[0minfo[0m] [0m[0m[32m- EX10 - otpu[0m[0m
[0m[[0m[0minfo[0m] [0m[0mScalaTest[0m
[0m[[0m[0minfo[0m] [0m[0m[36mRun completed in 170 milliseconds.[0m[0m
[0m[[0m[0minfo[0m] [0m[0m[36mTotal number of tests run: 10[0m[0m
[0m[[0m[0minfo[0m] [0m[0m[36mSuites: completed 1, aborted 0[0m[0m
[0m[[0m[0minfo[0m] [0m[0m[36mTests: succeeded 10, failed 0, canceled 0, ignored 0, pending 0[0m[0m
[0m[[0m[0minfo[0m] [0m[0m[32mAll tests passed.[0m[0m
[0m[[0m[0minfo[0m] [0m[0mPassed: Total 10, Failed 0, Errors 0, Passed 10[0m
[0m[[0m[32msuccess[0m] [0m[0mTotal time: 0 s, completed Apr 14, 2021, 10:21:52 AM[0m
[0m[[0m[0mdebug[0m] [0m[0m> Exec(shell, None, None)[0m
[0m[[0m[0minfo[0m] [0m[0mshutting down sbt server[0m
