[0m[[0m[0mdebug[0m] [0m[0m> Exec(testOnly storagetests, Some(d662a737-04f4-40d1-9f06-6b265d49649f), Some(CommandSource(console0)))[0m
[0m[[0m[0mdebug[0m] [0m[0mEvaluating tasks: Test / testOnly[0m
[0m[[0m[0mdebug[0m] [0m[0mRunning task... Cancel: Signal, check cycles: false, forcegc: true[0m
[0m[[0m[0minfo[0m] [0m[0mcompiling 1 Scala source to /Users/WillyMoore/Documents/College/GRADSCHOOL/Concepts PL/HW2/target/scala-2.13/classes ...[0m
[0m[[0m[0minfo[0m] [0m[0m[32mstoragetests:[0m[0m
[0m[[0m[0minfo[0m] [0m[0m[32m- EX01 - constant5[0m[0m
[0m[[0m[0minfo[0m] [0m[0m[32m- EX02 - constant[0m[0m
[0m[[0m[0minfo[0m] [0m[0m[32m- EX03 - counter0[0m[0m
[0m[[0m[0minfo[0m] [0m[0m[32m- EX04 - counter[0m[0m
[0m[[0m[0minfo[0m] [0m[0m[32m- EX05 - getAndSet[0m[0m
[0m[[0m[0minfo[0m] [0m[0m[32m- EX06 - getAndSetSpy[0m[0m
[0m[[0m[0minfo[0m] [0m[0mScalaTest[0m
[0m[[0m[0minfo[0m] [0m[0m[36mRun completed in 115 milliseconds.[0m[0m
[0m[[0m[0minfo[0m] [0m[0m[36mTotal number of tests run: 6[0m[0m
[0m[[0m[0minfo[0m] [0m[0m[36mSuites: completed 1, aborted 0[0m[0m
[0m[[0m[0minfo[0m] [0m[0m[36mTests: succeeded 6, failed 0, canceled 0, ignored 0, pending 0[0m[0m
[0m[[0m[0minfo[0m] [0m[0m[32mAll tests passed.[0m[0m
[0m[[0m[0minfo[0m] [0m[0mPassed: Total 6, Failed 0, Errors 0, Passed 6[0m
[0m[[0m[32msuccess[0m] [0m[0mTotal time: 0 s, completed May 12, 2021, 10:16:43 AM[0m
[0m[[0m[0mdebug[0m] [0m[0m> Exec(shell, None, None)[0m
[0m[[0m[0minfo[0m] [0m[0mshutting down sbt server[0m
